# JRE version: OpenJDK Runtime Environment Zulu15.32+15-CA (15.0.3+3) (build 15.0.3+3)
# Java VM: OpenJDK 64-Bit Server VM Zulu15.32+15-CA (15.0.3+3, mixed mode, sharing, tiered, compressed oops, g1 gc, windows-amd64)
GC Precious Log:
 CPUs: 4 total, 4 available
 Memory: 8107M
 Large Page Support: Disabled
 NUMA Support: Disabled
 Compressed Oops: Enabled (32-bit)
 Heap Region Size: 1M
 Heap Min Capacity: 8M
 Heap Initial Capacity: 128M
 Heap Max Capacity: 2028M
 Pre-touch: Disabled
 Parallel Workers: 4
 Concurrent Workers: 1
 Concurrent Refinement Workers: 4
 Periodic GC: Disabled
Heap:
 garbage-first heap   total 45056K, used 27044K [0x0000000081400000, 0x0000000100000000)
  region size 1024K, 7 young (7168K), 2 survivors (2048K)
 Metaspace       used 55866K, capacity 56278K, committed 56496K, reserved 1097728K
  class space    used 7245K, capacity 7402K, committed 7424K, reserved 1048576K
GC Heap History (20 events):
Event: 13.855 GC heap before
{Heap before GC invocations=11 (full 0):
 garbage-first heap   total 40960K, used 28259K [0x0000000081400000, 0x0000000100000000)
  region size 1024K, 17 young (17408K), 2 survivors (2048K)
 Metaspace       used 35346K, capacity 35751K, committed 35888K, reserved 1081344K
  class space    used 4481K, capacity 4633K, committed 4736K, reserved 1048576K
}
Event: 13.864 GC heap after
{Heap after GC invocations=12 (full 0):
 garbage-first heap   total 40960K, used 17137K [0x0000000081400000, 0x0000000100000000)
  region size 1024K, 3 young (3072K), 3 survivors (3072K)
 Metaspace       used 35346K, capacity 35751K, committed 35888K, reserved 1081344K
  class space    used 4481K, capacity 4633K, committed 4736K, reserved 1048576K
}
Event: 15.684 GC heap before
{Heap before GC invocations=13 (full 0):
 garbage-first heap   total 40960K, used 31473K [0x0000000081400000, 0x0000000100000000)
  region size 1024K, 17 young (17408K), 3 survivors (3072K)
 Metaspace       used 39837K, capacity 40226K, committed 40496K, reserved 1085440K
  class space    used 5087K, capacity 5182K, committed 5248K, reserved 1048576K
}
Event: 15.694 GC heap after
{Heap after GC invocations=14 (full 0):
 garbage-first heap   total 40960K, used 18242K [0x0000000081400000, 0x0000000100000000)
  region size 1024K, 2 young (2048K), 2 survivors (2048K)
 Metaspace       used 39837K, capacity 40226K, committed 40496K, reserved 1085440K
  class space    used 5087K, capacity 5182K, committed 5248K, reserved 1048576K
}
Event: 15.904 GC heap before
{Heap before GC invocations=14 (full 0):
 garbage-first heap   total 40960K, used 31554K [0x0000000081400000, 0x0000000100000000)
  region size 1024K, 15 young (15360K), 2 survivors (2048K)
 Metaspace       used 40315K, capacity 40770K, committed 40880K, reserved 1085440K
  class space    used 5136K, capacity 5278K, committed 5376K, reserved 1048576K
}
Event: 15.907 GC heap after
{Heap after GC invocations=15 (full 0):
 garbage-first heap   total 40960K, used 18367K [0x0000000081400000, 0x0000000100000000)
  region size 1024K, 2 young (2048K), 2 survivors (2048K)
 Metaspace       used 40315K, capacity 40770K, committed 40880K, reserved 1085440K
  class space    used 5136K, capacity 5278K, committed 5376K, reserved 1048576K
}
Event: 16.253 GC heap before
{Heap before GC invocations=15 (full 0):
 garbage-first heap   total 40960K, used 31679K [0x0000000081400000, 0x0000000100000000)
  region size 1024K, 15 young (15360K), 2 survivors (2048K)
 Metaspace       used 40975K, capacity 41387K, committed 41392K, reserved 1085440K
  class space    used 5197K, capacity 5376K, committed 5376K, reserved 1048576K
}
Event: 16.257 GC heap after
{Heap after GC invocations=16 (full 0):
 garbage-first heap   total 40960K, used 18582K [0x0000000081400000, 0x0000000100000000)
  region size 1024K, 1 young (1024K), 1 survivors (1024K)
 Metaspace       used 40975K, capacity 41387K, committed 41392K, reserved 1085440K
  class space    used 5197K, capacity 5376K, committed 5376K, reserved 1048576K
}
Event: 16.776 GC heap before
{Heap before GC invocations=16 (full 0):
 garbage-first heap   total 40960K, used 32918K [0x0000000081400000, 0x0000000100000000)
  region size 1024K, 15 young (15360K), 1 survivors (1024K)
 Metaspace       used 43496K, capacity 43950K, committed 44080K, reserved 1087488K
  class space    used 5525K, capacity 5697K, committed 5760K, reserved 1048576K
}
Event: 16.780 GC heap after
{Heap after GC invocations=17 (full 0):
 garbage-first heap   total 40960K, used 18965K [0x0000000081400000, 0x0000000100000000)
  region size 1024K, 1 young (1024K), 1 survivors (1024K)
 Metaspace       used 43496K, capacity 43950K, committed 44080K, reserved 1087488K
  class space    used 5525K, capacity 5697K, committed 5760K, reserved 1048576K
}
Event: 17.622 GC heap before
{Heap before GC invocations=17 (full 0):
 garbage-first heap   total 40960K, used 32277K [0x0000000081400000, 0x0000000100000000)
  region size 1024K, 15 young (15360K), 1 survivors (1024K)
 Metaspace       used 47290K, capacity 47698K, committed 48048K, reserved 1091584K
  class space    used 6127K, capacity 6281K, committed 6400K, reserved 1048576K
}
Event: 17.626 GC heap after
{Heap after GC invocations=18 (full 0):
 garbage-first heap   total 40960K, used 19857K [0x0000000081400000, 0x0000000100000000)
  region size 1024K, 2 young (2048K), 2 survivors (2048K)
 Metaspace       used 47290K, capacity 47698K, committed 48048K, reserved 1091584K
  class space    used 6127K, capacity 6281K, committed 6400K, reserved 1048576K
}
Event: 18.702 GC heap before
{Heap before GC invocations=18 (full 0):
 garbage-first heap   total 40960K, used 33169K [0x0000000081400000, 0x0000000100000000)
  region size 1024K, 15 young (15360K), 2 survivors (2048K)
 Metaspace       used 50079K, capacity 50500K, committed 50608K, reserved 1093632K
  class space    used 6486K, capacity 6638K, committed 6656K, reserved 1048576K
}
Event: 18.709 GC heap after
{Heap after GC invocations=19 (full 0):
 garbage-first heap   total 40960K, used 20885K [0x0000000081400000, 0x0000000100000000)
  region size 1024K, 2 young (2048K), 2 survivors (2048K)
 Metaspace       used 50079K, capacity 50500K, committed 50608K, reserved 1093632K
  class space    used 6486K, capacity 6638K, committed 6656K, reserved 1048576K
}
Event: 19.319 GC heap before
{Heap before GC invocations=19 (full 0):
 garbage-first heap   total 40960K, used 33173K [0x0000000081400000, 0x0000000100000000)
  region size 1024K, 14 young (14336K), 2 survivors (2048K)
 Metaspace       used 52256K, capacity 52688K, committed 52784K, reserved 1095680K
  class space    used 6777K, capacity 6961K, committed 7040K, reserved 1048576K
}
Event: 19.325 GC heap after
{Heap after GC invocations=20 (full 0):
 garbage-first heap   total 40960K, used 21763K [0x0000000081400000, 0x0000000100000000)
  region size 1024K, 1 young (1024K), 1 survivors (1024K)
 Metaspace       used 52256K, capacity 52688K, committed 52784K, reserved 1095680K
  class space    used 6777K, capacity 6961K, committed 7040K, reserved 1048576K
}
Event: 19.798 GC heap before
{Heap before GC invocations=21 (full 0):
 garbage-first heap   total 45056K, used 32003K [0x0000000081400000, 0x0000000100000000)
  region size 1024K, 11 young (11264K), 1 survivors (1024K)
 Metaspace       used 52844K, capacity 53304K, committed 53424K, reserved 1095680K
  class space    used 6877K, capacity 7058K, committed 7168K, reserved 1048576K
}
Event: 19.806 GC heap after
{Heap after GC invocations=22 (full 0):
 garbage-first heap   total 45056K, used 22613K [0x0000000081400000, 0x0000000100000000)
  region size 1024K, 2 young (2048K), 2 survivors (2048K)
 Metaspace       used 52844K, capacity 53304K, committed 53424K, reserved 1095680K
  class space    used 6877K, capacity 7058K, committed 7168K, reserved 1048576K
}
Event: 20.521 GC heap before
{Heap before GC invocations=22 (full 0):
 garbage-first heap   total 45056K, used 35925K [0x0000000081400000, 0x0000000100000000)
  region size 1024K, 15 young (15360K), 2 survivors (2048K)
 Metaspace       used 54872K, capacity 55350K, committed 55472K, reserved 1097728K
  class space    used 7137K, capacity 7306K, committed 7424K, reserved 1048576K
}
Event: 20.529 GC heap after
{Heap after GC invocations=23 (full 0):
 garbage-first heap   total 45056K, used 23972K [0x0000000081400000, 0x0000000100000000)
  region size 1024K, 2 young (2048K), 2 survivors (2048K)
 Metaspace       used 54872K, capacity 55350K, committed 55472K, reserved 1097728K
  class space    used 7137K, capacity 7306K, committed 7424K, reserved 1048576K
}

